[20221104_191051] index:0;amount:42;created
[20221104_191051] index:1;amount:54;created
[20221104_191051] index:2;amount:957;created
[20221104_191051] index:3;amount:432;created
[20221104_191051] index:4;amount:1234;created
[20221104_191051] index:5;amount:0;created
[20221104_191051] index:6;amount:754;created
[20221104_191051] index:7;amount:16576;created
[20221104_191051] accounts:8;total:20049;deposit:0;withdrals:0
[20221104_191051] index:0;amount:42;deposit:0;withdraw:0
[20221104_191051] index:1;amount:54;deposit:0;withdraw:0
[20221104_191051] index:2;amount:957;deposit:0;withdraw:0
[20221104_191051] index:3;amount:432;deposit:0;withdraw:0
[20221104_191051] index:4;amount:1234;deposit:0;withdraw:0
[20221104_191051] index:5;amount:0;deposit:0;withdraw:0
[20221104_191051] index:6;amount:754;deposit:0;withdraw:0
[20221104_191051] index:7;amount:16576;deposit:0;withdraw:0
[20221104_191051] index:0;p_mount:42;deposit:5;amount:47;nb_deposits:1
[20221104_191051] index:1;p_mount:54;deposit:765;amount:819;nb_deposits:1
[20221104_191051] index:2;p_mount:957;deposit:564;amount:1521;nb_deposits:1
[20221104_191051] index:3;p_mount:432;deposit:2;amount:434;nb_deposits:1
[20221104_191051] index:4;p_mount:1234;deposit:87;amount:1321;nb_deposits:1
[20221104_191051] index:5;p_mount:0;deposit:23;amount:23;nb_deposits:1
[20221104_191051] index:6;p_mount:754;deposit:9;amount:763;nb_deposits:1
[20221104_191051] index:7;p_mount:16576;deposit:20;amount:16596;nb_deposits:1
[20221104_191051] accounts:8;total:21524;deposit:8;withdrals:0
[20221104_191051] index:0;amount:47;deposit:1;withdraw:0
[20221104_191051] index:1;amount:819;deposit:1;withdraw:0
[20221104_191051] index:2;amount:1521;deposit:1;withdraw:0
[20221104_191051] index:3;amount:434;deposit:1;withdraw:0
[20221104_191051] index:4;amount:1321;deposit:1;withdraw:0
[20221104_191051] index:5;amount:23;deposit:1;withdraw:0
[20221104_191051] index:6;amount:763;deposit:1;withdraw:0
[20221104_191051] index:7;amount:16596;deposit:1;withdraw:0
[20221104_191051] index:0;p_mount:47;withdrawal:refused
[20221104_191051] index:1;p_mount:819;withdrawal:34;amount:785;nb_withdrawals:1
[20221104_191051] index:2;p_mount:1521;withdrawal:657;amount:864;nb_withdrawals:1
[20221104_191051] index:3;p_mount:434;withdrawal:4;amount:430;nb_withdrawals:1
[20221104_191051] index:4;p_mount:1321;withdrawal:76;amount:1245;nb_withdrawals:1
[20221104_191051] index:5;p_mount:23;withdrawal:refused
[20221104_191051] index:6;p_mount:763;withdrawal:657;amount:106;nb_withdrawals:1
[20221104_191051] index:7;p_mount:16596;withdrawal:7654;amount:8942;nb_withdrawals:1
[20221104_191051] accounts:8;total:12442;deposit:8;withdrals:6
[20221104_191051] index:0;amount:47;deposit:1;withdraw:0
[20221104_191051] index:1;amount:751;deposit:1;withdraw:1
[20221104_191051] index:2;amount:207;deposit:1;withdraw:1
[20221104_191051] index:3;amount:426;deposit:1;withdraw:1
[20221104_191051] index:4;amount:1169;deposit:1;withdraw:1
[20221104_191051] index:5;amount:23;deposit:1;withdraw:0
[20221104_191051] index:6;amount:-551;deposit:1;withdraw:1
[20221104_191051] index:7;amount:1288;deposit:1;withdraw:1
